<?xml version="1.0" encoding="UTF-8"?>
<!-- Generated by org.testng.reporters.JUnitReportReporter -->
<testsuite hostname="Prince" failures="0" tests="1" name="com.qa.auto.modules.TestRunner" time="39.940" errors="0" timestamp="2022-11-18T20:45:58 CET" skipped="0">
  <testcase classname="com.qa.auto.modules.TestRunner" name="runScenario" time="39.940"/>
  <system-out/>
</testsuite> <!-- com.qa.auto.modules.TestRunner -->
